<?xml version="1.0" encoding="UTF-8"?>
<!-- Generated by org.testng.reporters.JUnitXMLReporter -->
<testsuite hostname="DESKTOP-06FUSQ3" ignored="0" name="Default test" tests="3" failures="0" timestamp="01 Dec 2018 18:08:42 GMT" time="84.708" errors="0">
  <testcase name="loginToBank" time="20.54" classname="org.zia.selenium.ddt.BankLoginExcel"/>
  <testcase name="loginToBank" time="48.21" classname="org.zia.selenium.ddt.BankLoginExcel"/>
  <testcase name="loginToBank" time="12.716" classname="org.zia.selenium.ddt.BankLoginExcel"/>
</testsuite> <!-- Default test -->
