<?xml version="1.0" encoding="UTF-8"?>
<testng-results skipped="0" failed="0" ignored="0" total="3" passed="3">
  <reporter-output>
  </reporter-output>
  <suite name="Default suite" duration-ms="84708" started-at="2018-12-01T18:07:16Z" finished-at="2018-12-01T18:08:41Z">
    <groups>
    </groups>
    <test name="Default test" duration-ms="84708" started-at="2018-12-01T18:07:16Z" finished-at="2018-12-01T18:08:41Z">
      <class name="org.zia.selenium.ddt.BankLoginExcel">
        <test-method status="PASS" signature="loginToBank(java.lang.String, java.lang.String)[pri:0, instance:org.zia.selenium.ddt.BankLoginExcel@77caeb3e]" name="loginToBank" duration-ms="20540" started-at="2018-12-01T18:07:17Z" data-provider="bank" finished-at="2018-12-01T18:07:37Z">
          <params>
            <param index="0">
              <value>
                <![CDATA[admin1]]>
              </value>
            </param>
            <param index="1">
              <value>
                <![CDATA[demo1]]>
              </value>
            </param>
          </params>
          <reporter-output>
          </reporter-output>
        </test-method> <!-- loginToBank -->
        <test-method status="PASS" signature="teardown()[pri:0, instance:org.zia.selenium.ddt.BankLoginExcel@77caeb3e]" name="teardown" is-config="true" duration-ms="1304" started-at="2018-12-01T18:07:37Z" finished-at="2018-12-01T18:07:39Z">
          <reporter-output>
          </reporter-output>
        </test-method> <!-- teardown -->
        <test-method status="PASS" signature="loginToBank(java.lang.String, java.lang.String)[pri:0, instance:org.zia.selenium.ddt.BankLoginExcel@77caeb3e]" name="loginToBank" duration-ms="48210" started-at="2018-12-01T18:07:39Z" data-provider="bank" finished-at="2018-12-01T18:08:27Z">
          <params>
            <param index="0">
              <value>
                <![CDATA[tariqahsan]]>
              </value>
            </param>
            <param index="1">
              <value>
                <![CDATA[Vgy&8uhb]]>
              </value>
            </param>
          </params>
          <reporter-output>
          </reporter-output>
        </test-method> <!-- loginToBank -->
        <test-method status="PASS" signature="teardown()[pri:0, instance:org.zia.selenium.ddt.BankLoginExcel@77caeb3e]" name="teardown" is-config="true" duration-ms="906" started-at="2018-12-01T18:08:27Z" finished-at="2018-12-01T18:08:28Z">
          <reporter-output>
          </reporter-output>
        </test-method> <!-- teardown -->
        <test-method status="PASS" signature="loginToBank(java.lang.String, java.lang.String)[pri:0, instance:org.zia.selenium.ddt.BankLoginExcel@77caeb3e]" name="loginToBank" duration-ms="12716" started-at="2018-12-01T18:08:28Z" data-provider="bank" finished-at="2018-12-01T18:08:40Z">
          <params>
            <param index="0">
              <value>
                <![CDATA[admin]]>
              </value>
            </param>
            <param index="1">
              <value>
                <![CDATA[demo3]]>
              </value>
            </param>
          </params>
          <reporter-output>
          </reporter-output>
        </test-method> <!-- loginToBank -->
        <test-method status="PASS" signature="teardown()[pri:0, instance:org.zia.selenium.ddt.BankLoginExcel@77caeb3e]" name="teardown" is-config="true" duration-ms="750" started-at="2018-12-01T18:08:40Z" finished-at="2018-12-01T18:08:41Z">
          <reporter-output>
          </reporter-output>
        </test-method> <!-- teardown -->
      </class> <!-- org.zia.selenium.ddt.BankLoginExcel -->
    </test> <!-- Default test -->
  </suite> <!-- Default suite -->
</testng-results>
