<?xml version="1.0" encoding="UTF-8"?>
<!-- Generated by org.testng.reporters.JUnitXMLReporter -->
<testsuite hostname="DESKTOP-06FUSQ3" name="Test" tests="3" failures="0" timestamp="24 Nov 2018 18:42:27 GMT" time="35.416" errors="0">
  <testcase name="loginToBank" time="10.859" classname="org.zia.selenium.ddt.BankLoginExcel"/>
  <testcase name="loginToBank" time="11.091" classname="org.zia.selenium.ddt.BankLoginExcel"/>
  <testcase name="loginToBank" time="10.989" classname="org.zia.selenium.ddt.BankLoginExcel"/>
</testsuite> <!-- Test -->
